1570030457.763212 client started (75505): version 2.8, socket /private/tmp/tmux-501/default, protocol 8
1570030457.763274 on Darwin 18.7.0 Darwin Kernel Version 18.7.0: Tue Aug 20 16:57:14 PDT 2019; root:xnu-4903.271.2~2/RELEASE_X86_64; libevent 2.1.8-stable (select)
1570030457.763320 socket is /private/tmp/tmux-501/default
1570030457.763344 trying connect
1570030457.763438 add peer 0x10e888000: 6 (0x0)
1570030457.765975 sending message 100 to peer 0x10e888000 (4 bytes)
1570030457.765997 sending message 101 to peer 0x10e888000 (15 bytes)
1570030457.766006 sending message 102 to peer 0x10e888000 (13 bytes)
1570030457.766014 sending message 108 to peer 0x10e888000 (25 bytes)
1570030457.766030 sending message 104 to peer 0x10e888000 (0 bytes)
1570030457.766038 sending message 107 to peer 0x10e888000 (4 bytes)
1570030457.766045 sending message 105 to peer 0x10e888000 (76 bytes)
1570030457.766055 sending message 105 to peer 0x10e888000 (21 bytes)
1570030457.766063 sending message 105 to peer 0x10e888000 (19 bytes)
1570030457.766070 sending message 105 to peer 0x10e888000 (20 bytes)
1570030457.766077 sending message 105 to peer 0x10e888000 (17 bytes)
1570030457.766084 sending message 105 to peer 0x10e888000 (8 bytes)
1570030457.766091 sending message 105 to peer 0x10e888000 (16 bytes)
1570030457.766098 sending message 105 to peer 0x10e888000 (32 bytes)
1570030457.766105 sending message 105 to peer 0x10e888000 (55 bytes)
1570030457.766112 sending message 105 to peer 0x10e888000 (16 bytes)
1570030457.766120 sending message 105 to peer 0x10e888000 (28 bytes)
1570030457.766127 sending message 105 to peer 0x10e888000 (32 bytes)
1570030457.766134 sending message 105 to peer 0x10e888000 (11 bytes)
1570030457.766141 sending message 105 to peer 0x10e888000 (269 bytes)
1570030457.766148 sending message 105 to peer 0x10e888000 (29 bytes)
1570030457.766155 sending message 105 to peer 0x10e888000 (15 bytes)
1570030457.766162 sending message 105 to peer 0x10e888000 (8 bytes)
1570030457.766169 sending message 105 to peer 0x10e888000 (66 bytes)
1570030457.766177 sending message 105 to peer 0x10e888000 (20 bytes)
1570030457.766184 sending message 105 to peer 0x10e888000 (28 bytes)
1570030457.766191 sending message 105 to peer 0x10e888000 (27 bytes)
1570030457.766198 sending message 105 to peer 0x10e888000 (53 bytes)
1570030457.766205 sending message 105 to peer 0x10e888000 (57 bytes)
1570030457.766212 sending message 105 to peer 0x10e888000 (43 bytes)
1570030457.766219 sending message 105 to peer 0x10e888000 (13 bytes)
1570030457.766227 sending message 105 to peer 0x10e888000 (37 bytes)
1570030457.766234 sending message 105 to peer 0x10e888000 (13 bytes)
1570030457.766241 sending message 105 to peer 0x10e888000 (14 bytes)
1570030457.766248 sending message 105 to peer 0x10e888000 (19 bytes)
1570030457.766255 sending message 105 to peer 0x10e888000 (30 bytes)
1570030457.766262 sending message 105 to peer 0x10e888000 (21 bytes)
1570030457.766269 sending message 105 to peer 0x10e888000 (22 bytes)
1570030457.766276 sending message 106 to peer 0x10e888000 (0 bytes)
1570030457.766287 sending message 200 to peer 0x10e888000 (4 bytes)
1570030457.766294 client loop enter
1570030457.766499 peer 0x10e888000 message 211
1570030457.766517 client_write: sessions should be nested with care, unset $TMUX to force\n
1570030457.766540 peer 0x10e888000 message 203
1570030457.766550 client loop exit
